1663845133631	geckodriver	INFO	Listening on 127.0.0.1:53713
1663845136898	mozrunner::runner	INFO	Running command: "C:\\Program Files\\Mozilla Firefox\\firefox.exe" "--marionette" "--remote-debugging-port" "53714" "--remote-allow-hosts" "localhost" "-no-remote" "-profile" "C:\\Users\\Dell\\AppData\\Local\\Temp\\rust_mozprofileLCAsuv"
1663845137346	Marionette	INFO	Marionette enabled
1663845137355	Marionette	INFO	Listening on port 53725
Read port: 53725
WebDriver BiDi listening on ws://127.0.0.1:53714
1663845137601	RemoteAgent	WARN	TLS certificate errors will be ignored for this session
console.warn: SearchSettings: "get: No settings file exists, new profile?" (new NotFoundError("Could not open the file at C:\\Users\\Dell\\AppData\\Local\\Temp\\rust_mozprofileLCAsuv\\search.json.mozlz4", (void 0)))
DevTools listening on ws://127.0.0.1:53714/devtools/browser/d39e7923-55a8-4b60-880d-9a5e42ede21b
JavaScript warning: https://pagead2.googlesyndication.com/bg/SUiySqS1in-YUNsSXtQt1jv3ON6UQ0EMqlXBaZ_BtMI.js line 2 > eval line 815 > eval line 1 > eval line 1 > eval, line 1: WEBGL_debug_renderer_info is deprecated in Firefox and will be removed. Please use RENDERER.
1663845185303	Marionette	WARN	TimedPromise timed out after 500 ms: stacktrace:
TimedPromise/<@chrome://remote/content/marionette/sync.js:236:24
TimedPromise@chrome://remote/content/marionette/sync.js:221:10
interaction.flushEventLoop@chrome://remote/content/marionette/interaction.js:431:10
webdriverClickElement@chrome://remote/content/marionette/interaction.js:179:31
1663845210678	Marionette	WARN	TimedPromise timed out after 500 ms: stacktrace:
TimedPromise/<@chrome://remote/content/marionette/sync.js:236:24
TimedPromise@chrome://remote/content/marionette/sync.js:221:10
interaction.flushEventLoop@chrome://remote/content/marionette/interaction.js:431:10
webdriverClickElement@chrome://remote/content/marionette/interaction.js:179:31
JavaScript warning: https://www.youtube.com/s/player/64947e15/player_ias.vflset/en_US/base.js, line 9442: WEBGL_debug_renderer_info is deprecated in Firefox and will be removed. Please use RENDERER.
1663845306637	Marionette	WARN	TimedPromise timed out after 500 ms: stacktrace:
TimedPromise/<@chrome://remote/content/marionette/sync.js:236:24
TimedPromise@chrome://remote/content/marionette/sync.js:221:10
interaction.flushEventLoop@chrome://remote/content/marionette/interaction.js:431:10
webdriverClickElement@chrome://remote/content/marionette/interaction.js:179:31
JavaScript warning: https://pagead2.googlesyndication.com/bg/SUiySqS1in-YUNsSXtQt1jv3ON6UQ0EMqlXBaZ_BtMI.js line 2 > eval line 3776 > eval line 1 > eval line 1 > eval, line 1: WEBGL_debug_renderer_info is deprecated in Firefox and will be removed. Please use RENDERER.
1663845375925	Marionette	WARN	TimedPromise timed out after 500 ms: stacktrace:
TimedPromise/<@chrome://remote/content/marionette/sync.js:236:24
TimedPromise@chrome://remote/content/marionette/sync.js:221:10
interaction.flushEventLoop@chrome://remote/content/marionette/interaction.js:431:10
webdriverClickElement@chrome://remote/content/marionette/interaction.js:179:31
Marionette threw an error: TypeError: win is null
capture.canvas@chrome://remote/content/marionette/capture.js:84:17
takeScreenshot@chrome://remote/content/marionette/actors/MarionetteCommandsParent.jsm:261:37
observe@resource://gre/modules/AsyncShutdown.jsm:576:16

1663846538111	Marionette	INFO	Stopped listening on port 53725
