==============================================================================
Helloworld                                                                    
==============================================================================
First Test                                                              
  Traceback (most recent call last):
    ~~~~~~~~~~~~~~~~~~~~~~~~~~~~~~~~~~~~~~~~~~~~~~~~~~~~~~~~~~~~~~~~~~~~~~~~~~
    File  C:\.vscode\Selenium Helloworld\Helloworld.robot:9
    T:  First Test    
    ~~~~~~~~~~~~~~~~~~~~~~~~~~~~~~~~~~~~~~~~~~~~~~~~~~~~~~~~~~~~~~~~~~~~~~~~~~
    File  C:\.vscode\Selenium Helloworld\Helloworld.robot:11
      Maximize Browser Window    
______________________________________________________________________________
| FAIL |
NoSuchWindowException: Message: no such window: target window already closed
from unknown error: web view not found
  (Session info: chrome=105.0.5195.127)
Stacktrace:
Backtrace:
	Ordinal0 [0x007FDF13+2219795]
	Ordinal0 [0x00792841+1779777]
	Ordinal0 [0x006A423D+803389]
	Ordinal0 [0x0068C70A+706314]
	Ordinal0 [0x006F1502+1119490]
	Ordinal0 [0x006FE8FA+1173754]
	Ordinal0 [0x006EE616+1107478]
	Ordinal0 [0x006C7F89+950153]
	Ordinal0 [0x006C8F56+954198]
	GetHandleVerifier [0x00AF2CB2+3040210]
	GetHandleVerifier [0x00AE2BB4+2974420]
	GetHandleVerifier [0x00896A0A+565546]
	GetHandleVerifier [0x00895680+560544]
	Ordinal0 [0x00799A5C+1808988]
	Ordinal0 [0x0079E3A8+1827752]
	Ordinal0 [0x0079E495+1827989]
	Ordinal0 [0x007A80A4+1867940]
	BaseThreadInitThunk [0x7723FA29+25]
	RtlGetAppContainerNamedObjectPath [0x77B07B5E+286]
	RtlGetAppContainerNamedObjectPath [0x77B07B2E+238]
------------------------------------------------------------------------------
Helloworld                                                            | FAIL |
1 test, 0 passed, 1 failed
==============================================================================
Output:  C:\.vscode\Selenium Helloworld\pabot_results\0\output.xml
